<?xml version="1.0" encoding="UTF-8" standalone="no"?>
<!DOCTYPE log SYSTEM "logger.dtd">
<log>
<record>
  <date>2015-04-10T12:35:25</date>
  <millis>1428690925140</millis>
  <sequence>0</sequence>
  <logger>cimav.visorglass.server.GWTServiceImpl</logger>
  <level>INFO</level>
  <class>cimav.visorglass.server.GWTServiceImpl</class>
  <method>cargarPermisosDeptos</method>
  <thread>46</thread>
  <message>Log Creado</message>
</record>
<record>
  <date>2015-04-10T12:35:33</date>
  <millis>1428690933568</millis>
  <sequence>1</sequence>
  <logger>cimav.visorglass.server.GWTServiceImpl</logger>
  <level>INFO</level>
  <class>cimav.visorglass.server.GWTServiceImpl</class>
  <method>cargarArbol</method>
  <thread>49</thread>
  <message>Path Estructura: /Users/calderon/DropboxTest/CONTROL_DE_DOCUMENTOS/VIGENTES/CP &gt; No existe en Vigentes.</message>
</record>
<record>
  <date>2015-04-10T12:35:33</date>
  <millis>1428690933569</millis>
  <sequence>2</sequence>
  <logger>cimav.visorglass.server.GWTServiceImpl</logger>
  <level>INFO</level>
  <class>cimav.visorglass.server.GWTServiceImpl</class>
  <method>cargarArbol</method>
  <thread>49</thread>
  <message>Path Estructura: /Users/calderon/DropboxTest/CONTROL_DE_DOCUMENTOS/VIGENTES/MTO &gt; No existe en Vigentes.</message>
</record>
<record>
  <date>2015-04-10T12:35:33</date>
  <millis>1428690933570</millis>
  <sequence>3</sequence>
  <logger>cimav.visorglass.server.GWTServiceImpl</logger>
  <level>INFO</level>
  <class>cimav.visorglass.server.GWTServiceImpl</class>
  <method>cargarArbol</method>
  <thread>49</thread>
  <message>Path Estructura: /Users/calderon/DropboxTest/CONTROL_DE_DOCUMENTOS/VIGENTES/RH &gt; No existe en Vigentes.</message>
</record>
<record>
  <date>2015-04-10T12:35:33</date>
  <millis>1428690933570</millis>
  <sequence>4</sequence>
  <logger>cimav.visorglass.server.GWTServiceImpl</logger>
  <level>INFO</level>
  <class>cimav.visorglass.server.GWTServiceImpl</class>
  <method>cargarArbol</method>
  <thread>49</thread>
  <message>Path Estructura: /Users/calderon/DropboxTest/CONTROL_DE_DOCUMENTOS/VIGENTES/TIC &gt; No existe en Vigentes.</message>
</record>
<record>
  <date>2015-04-10T12:35:33</date>
  <millis>1428690933571</millis>
  <sequence>5</sequence>
  <logger>cimav.visorglass.server.GWTServiceImpl</logger>
  <level>INFO</level>
  <class>cimav.visorglass.server.GWTServiceImpl</class>
  <method>cargarArbol</method>
  <thread>49</thread>
  <message>Path Estructura: /Users/calderon/DropboxTest/CONTROL_DE_DOCUMENTOS/VIGENTES/VN &gt; No existe en Vigentes.</message>
</record>
</log>
